{
  "stats": {
    "suites": 4,
    "tests": 25,
    "passes": 25,
    "pending": 0,
    "failures": 0,
    "start": "2026-05-07T14:21:49.993Z",
    "end": "2026-05-07T14:21:50.309Z",
    "duration": 316,
    "testsRegistered": 25,
    "passPercent": 100,
    "pendingPercent": 0,
    "other": 0,
    "hasOther": false,
    "skipped": 0,
    "hasSkipped": false
  },
  "results": [
    {
      "uuid": "30d732c7-4ccf-4a64-8d83-346949a70e68",
      "title": "",
      "fullFile": "",
      "file": "",
      "beforeHooks": [],
      "afterHooks": [],
      "tests": [],
      "suites": [
        {
          "uuid": "9d83e4e5-4095-41b6-bc7e-7780b6e0ae0a",
          "title": "Testando Função de Busca de Livros",
          "fullFile": "C:\\Users\\fpmo\\OneDrive - GFT Technologies SE\\Documents\\diversos\\bolsa-estudo\\material-estudos\\projetos\\desafio-test-login\\login\\test\\biblioteca.test.js",
          "file": "\\test\\biblioteca.test.js",
          "beforeHooks": [],
          "afterHooks": [],
          "tests": [
            {
              "title": "buscarLivroPorId: deve retornar o título do livro para um ID válido",
              "fullTitle": "Testando Função de Busca de Livros buscarLivroPorId: deve retornar o título do livro para um ID válido",
              "timedOut": false,
              "duration": 1,
              "state": "passed",
              "speed": "fast",
              "pass": true,
              "fail": false,
              "pending": false,
              "context": null,
              "code": "const id = 1;\nconst resultado = buscarLivroPorId(id);\nassert.strictEqual(resultado, \"O Senhor dos Anéis\");",
              "err": {},
              "uuid": "2bdcad4c-0edf-4c95-b514-538975f3427a",
              "parentUUID": "9d83e4e5-4095-41b6-bc7e-7780b6e0ae0a",
              "isHook": false,
              "skipped": false
            },
            {
              "title": "buscarLivroPorId: deve retornar mensagem de erro para ID inválido",
              "fullTitle": "Testando Função de Busca de Livros buscarLivroPorId: deve retornar mensagem de erro para ID inválido",
              "timedOut": false,
              "duration": 14,
              "state": "passed",
              "speed": "fast",
              "pass": true,
              "fail": false,
              "pending": false,
              "context": null,
              "code": "const id = 10;\nconst resultado = buscarLivroPorId(id);\nassert.strictEqual(resultado, \"ID do livro inválido\");",
              "err": {},
              "uuid": "14499711-0b6f-435b-9882-56ee587bb744",
              "parentUUID": "9d83e4e5-4095-41b6-bc7e-7780b6e0ae0a",
              "isHook": false,
              "skipped": false
            },
            {
              "title": "buscarLivroPorId: deve retornar mensagem de erro para ID negativo",
              "fullTitle": "Testando Função de Busca de Livros buscarLivroPorId: deve retornar mensagem de erro para ID negativo",
              "timedOut": false,
              "duration": 1,
              "state": "passed",
              "speed": "fast",
              "pass": true,
              "fail": false,
              "pending": false,
              "context": null,
              "code": "const id = -1;\nconst resultado = buscarLivroPorId(id);\nassert.strictEqual(resultado, \"ID do livro inválido\");",
              "err": {},
              "uuid": "b7a07cae-8123-417f-8570-e83a143a4f8d",
              "parentUUID": "9d83e4e5-4095-41b6-bc7e-7780b6e0ae0a",
              "isHook": false,
              "skipped": false
            },
            {
              "title": "buscarLivroPorId: deve retornar mensagem de erro para ID zero",
              "fullTitle": "Testando Função de Busca de Livros buscarLivroPorId: deve retornar mensagem de erro para ID zero",
              "timedOut": false,
              "duration": 1,
              "state": "passed",
              "speed": "fast",
              "pass": true,
              "fail": false,
              "pending": false,
              "context": null,
              "code": "const id = 0;\nconst resultado = buscarLivroPorId(id);\nassert.strictEqual(resultado, \"ID do livro inválido\");",
              "err": {},
              "uuid": "7d144c7a-7aa8-45e8-9723-e38646adaa96",
              "parentUUID": "9d83e4e5-4095-41b6-bc7e-7780b6e0ae0a",
              "isHook": false,
              "skipped": false
            },
            {
              "title": "deve retornar títulos dos livros do tema escolhido",
              "fullTitle": "Testando Função de Busca de Livros deve retornar títulos dos livros do tema escolhido",
              "timedOut": false,
              "duration": 5,
              "state": "passed",
              "speed": "fast",
              "pass": true,
              "fail": false,
              "pending": false,
              "context": null,
              "code": "const tema = 'Fantasia';\nconst resultado = buscarLivrosPorTema(tema);\nassert.deepStrictEqual(resultado, [\"O Senhor dos Anéis\", \"O Hobbit\"]);",
              "err": {},
              "uuid": "3a707117-bf9d-4f32-8102-f7f2481e20dd",
              "parentUUID": "9d83e4e5-4095-41b6-bc7e-7780b6e0ae0a",
              "isHook": false,
              "skipped": false
            },
            {
              "title": "deve retornar todos os livros disponíveis na biblioteca",
              "fullTitle": "Testando Função de Busca de Livros deve retornar todos os livros disponíveis na biblioteca",
              "timedOut": false,
              "duration": 0,
              "state": "passed",
              "speed": "fast",
              "pass": true,
              "fail": false,
              "pending": false,
              "context": null,
              "code": "const resultado = buscarTodosLivros();\nassert.deepStrictEqual(resultado.map(livro => livro.titulo), [\"O Senhor dos Anéis\", \"1984\", \"O Hobbit\", \"Fahrenheit 451\", \"O Código Da Vinci\"]);",
              "err": {},
              "uuid": "5015eb2d-9cdf-4dde-82bd-f57719f3da23",
              "parentUUID": "9d83e4e5-4095-41b6-bc7e-7780b6e0ae0a",
              "isHook": false,
              "skipped": false
            },
            {
              "title": "deve retornar mensagem de erro para tema inexistente",
              "fullTitle": "Testando Função de Busca de Livros deve retornar mensagem de erro para tema inexistente",
              "timedOut": false,
              "duration": 0,
              "state": "passed",
              "speed": "fast",
              "pass": true,
              "fail": false,
              "pending": false,
              "context": null,
              "code": "const tema = 'Inexistente';\nconst resultado = buscarLivrosPorTema(tema);\nassert.strictEqual(resultado, `Nenhum livro com o tema: ${tema}, foi encontrado na biblioteca`);",
              "err": {},
              "uuid": "6ceb5f47-2b67-4c97-81e8-f08858f4924f",
              "parentUUID": "9d83e4e5-4095-41b6-bc7e-7780b6e0ae0a",
              "isHook": false,
              "skipped": false
            },
            {
              "title": "deve retornar o título do livro se existir",
              "fullTitle": "Testando Função de Busca de Livros deve retornar o título do livro se existir",
              "timedOut": false,
              "duration": 2,
              "state": "passed",
              "speed": "fast",
              "pass": true,
              "fail": false,
              "pending": false,
              "context": null,
              "code": "const titulo = '1984';\nconst resultado = buscarPorTitulo(titulo);\nassert.strictEqual(resultado, titulo);",
              "err": {},
              "uuid": "914ddd50-16fa-4038-9f42-aa118c044171",
              "parentUUID": "9d83e4e5-4095-41b6-bc7e-7780b6e0ae0a",
              "isHook": false,
              "skipped": false
            },
            {
              "title": "deve retornar mensagem de erro se não existir",
              "fullTitle": "Testando Função de Busca de Livros deve retornar mensagem de erro se não existir",
              "timedOut": false,
              "duration": 1,
              "state": "passed",
              "speed": "fast",
              "pass": true,
              "fail": false,
              "pending": false,
              "context": null,
              "code": "const titulo = 'Livro Inexistente';\nconst resultado = buscarPorTitulo(titulo);\nassert.strictEqual(resultado, \"Livro não encontrado\");",
              "err": {},
              "uuid": "26170ab2-c3cf-4e09-b4b4-11e38cfbeaaf",
              "parentUUID": "9d83e4e5-4095-41b6-bc7e-7780b6e0ae0a",
              "isHook": false,
              "skipped": false
            }
          ],
          "suites": [],
          "passes": [
            "2bdcad4c-0edf-4c95-b514-538975f3427a",
            "14499711-0b6f-435b-9882-56ee587bb744",
            "b7a07cae-8123-417f-8570-e83a143a4f8d",
            "7d144c7a-7aa8-45e8-9723-e38646adaa96",
            "3a707117-bf9d-4f32-8102-f7f2481e20dd",
            "5015eb2d-9cdf-4dde-82bd-f57719f3da23",
            "6ceb5f47-2b67-4c97-81e8-f08858f4924f",
            "914ddd50-16fa-4038-9f42-aa118c044171",
            "26170ab2-c3cf-4e09-b4b4-11e38cfbeaaf"
          ],
          "failures": [],
          "pending": [],
          "skipped": [],
          "duration": 25,
          "root": false,
          "rootEmpty": false,
          "_timeout": 2000
        },
        {
          "uuid": "5ea535f4-bc4a-477c-8a83-e32331e81c5a",
          "title": "Testando funções de biblioteca",
          "fullFile": "C:\\Users\\fpmo\\OneDrive - GFT Technologies SE\\Documents\\diversos\\bolsa-estudo\\material-estudos\\projetos\\desafio-test-login\\login\\test\\biblioteca.test.js",
          "file": "\\test\\biblioteca.test.js",
          "beforeHooks": [],
          "afterHooks": [],
          "tests": [
            {
              "title": "deve adicionar um novo livro",
              "fullTitle": "Testando funções de biblioteca deve adicionar um novo livro",
              "timedOut": false,
              "duration": 0,
              "state": "passed",
              "speed": "fast",
              "pass": true,
              "fail": false,
              "pending": false,
              "context": null,
              "code": "const titulo = 'Novo Livro';\nconst tema = 'Aventura';\nconst preco = 19.99;\nconst resultado = adicionarLivro(titulo, tema, preco);\nassert.strictEqual(resultado, `Livro: ${titulo} adicionado com sucesso`);",
              "err": {},
              "uuid": "46623569-431f-4d91-80a0-ed0026463b78",
              "parentUUID": "5ea535f4-bc4a-477c-8a83-e32331e81c5a",
              "isHook": false,
              "skipped": false
            },
            {
              "title": "não deve adicionar livro com preço inválido",
              "fullTitle": "Testando funções de biblioteca não deve adicionar livro com preço inválido",
              "timedOut": false,
              "duration": 0,
              "state": "passed",
              "speed": "fast",
              "pass": true,
              "fail": false,
              "pending": false,
              "context": null,
              "code": "const titulo = 'Outro Livro';\nconst tema = 'Aventura';\nconst preco = -10;\nconst resultado = adicionarLivro(titulo, tema, preco);\nassert.strictEqual(resultado, \"Preço do livro deve ser um número positivo com no máximo duas casas decimais\");",
              "err": {},
              "uuid": "68e35a6e-b848-4a48-9cd8-9f842bb2e886",
              "parentUUID": "5ea535f4-bc4a-477c-8a83-e32331e81c5a",
              "isHook": false,
              "skipped": false
            },
            {
              "title": "não deve adicionar livro com título repetido",
              "fullTitle": "Testando funções de biblioteca não deve adicionar livro com título repetido",
              "timedOut": false,
              "duration": 0,
              "state": "passed",
              "speed": "fast",
              "pass": true,
              "fail": false,
              "pending": false,
              "context": null,
              "code": "const titulo = '1984';\nconst tema = 'Distopia';\nconst preco = 29.90;\nconst resultado = adicionarLivro(titulo, tema, preco);\nassert.strictEqual(resultado, \"Livro já existe\");",
              "err": {},
              "uuid": "98b06448-8d92-414a-b542-0d49c202063b",
              "parentUUID": "5ea535f4-bc4a-477c-8a83-e32331e81c5a",
              "isHook": false,
              "skipped": false
            },
            {
              "title": "deve atualizar o preço de um livro existente",
              "fullTitle": "Testando funções de biblioteca deve atualizar o preço de um livro existente",
              "timedOut": false,
              "duration": 2,
              "state": "passed",
              "speed": "fast",
              "pass": true,
              "fail": false,
              "pending": false,
              "context": null,
              "code": "const id = 2;\nconst novoPreco = 35.50;\nconst resultado = atualizarPrecoLivro(id, novoPreco);\nassert.strictEqual(resultado, 'Preço do livro atualizado com sucesso');",
              "err": {},
              "uuid": "218a2f9e-5f3c-4fc5-8266-6e6c55a01fb1",
              "parentUUID": "5ea535f4-bc4a-477c-8a83-e32331e81c5a",
              "isHook": false,
              "skipped": false
            },
            {
              "title": "não deve atualizar preço para valor inválido",
              "fullTitle": "Testando funções de biblioteca não deve atualizar preço para valor inválido",
              "timedOut": false,
              "duration": 1,
              "state": "passed",
              "speed": "fast",
              "pass": true,
              "fail": false,
              "pending": false,
              "context": null,
              "code": "const id = 2;\nconst novoPreco = -5;\nconst resultado = atualizarPrecoLivro(id, novoPreco);\nassert.strictEqual(resultado, \"Preço do livro deve ser um número positivo com no máximo duas casas decimais\");",
              "err": {},
              "uuid": "61f78efa-403c-4dab-85d3-ad2c2f3ed2cf",
              "parentUUID": "5ea535f4-bc4a-477c-8a83-e32331e81c5a",
              "isHook": false,
              "skipped": false
            },
            {
              "title": "não deve atualizar livro inexistente",
              "fullTitle": "Testando funções de biblioteca não deve atualizar livro inexistente",
              "timedOut": false,
              "duration": 1,
              "state": "passed",
              "speed": "fast",
              "pass": true,
              "fail": false,
              "pending": false,
              "context": null,
              "code": "const id = 999;\nconst novoPreco = 10.00;\nconst resultado = atualizarPrecoLivro(id, novoPreco);\nassert.strictEqual(resultado, \"Livro não encontrado\");",
              "err": {},
              "uuid": "b4bc6581-5820-43df-b9f8-2aa2910b3c39",
              "parentUUID": "5ea535f4-bc4a-477c-8a83-e32331e81c5a",
              "isHook": false,
              "skipped": false
            },
            {
              "title": "deve remover um livro existente",
              "fullTitle": "Testando funções de biblioteca deve remover um livro existente",
              "timedOut": false,
              "duration": 0,
              "state": "passed",
              "speed": "fast",
              "pass": true,
              "fail": false,
              "pending": false,
              "context": null,
              "code": "const id = 5;\nconst resultado = removerLivroPorId(id);\nassert.strictEqual(resultado, 'Livro removido com sucesso');",
              "err": {},
              "uuid": "dd1dd0e8-ef0b-4ba8-85ed-a72e2893edc9",
              "parentUUID": "5ea535f4-bc4a-477c-8a83-e32331e81c5a",
              "isHook": false,
              "skipped": false
            },
            {
              "title": "não deve remover livro inexistente",
              "fullTitle": "Testando funções de biblioteca não deve remover livro inexistente",
              "timedOut": false,
              "duration": 0,
              "state": "passed",
              "speed": "fast",
              "pass": true,
              "fail": false,
              "pending": false,
              "context": null,
              "code": "const id = 999;\nconst resultado = removerLivroPorId(id);\nassert.strictEqual(resultado, \"Livro não encontrado\");",
              "err": {},
              "uuid": "1bb8e772-382b-4f39-bb8a-ce7798fbdc0e",
              "parentUUID": "5ea535f4-bc4a-477c-8a83-e32331e81c5a",
              "isHook": false,
              "skipped": false
            }
          ],
          "suites": [],
          "passes": [
            "46623569-431f-4d91-80a0-ed0026463b78",
            "68e35a6e-b848-4a48-9cd8-9f842bb2e886",
            "98b06448-8d92-414a-b542-0d49c202063b",
            "218a2f9e-5f3c-4fc5-8266-6e6c55a01fb1",
            "61f78efa-403c-4dab-85d3-ad2c2f3ed2cf",
            "b4bc6581-5820-43df-b9f8-2aa2910b3c39",
            "dd1dd0e8-ef0b-4ba8-85ed-a72e2893edc9",
            "1bb8e772-382b-4f39-bb8a-ce7798fbdc0e"
          ],
          "failures": [],
          "pending": [],
          "skipped": [],
          "duration": 4,
          "root": false,
          "rootEmpty": false,
          "_timeout": 2000
        },
        {
          "uuid": "2be35fd2-eb6d-4fe9-91e3-910b9aee911b",
          "title": "Testando Função de Login",
          "fullFile": "C:\\Users\\fpmo\\OneDrive - GFT Technologies SE\\Documents\\diversos\\bolsa-estudo\\material-estudos\\projetos\\desafio-test-login\\login\\test\\login.test.js",
          "file": "\\test\\login.test.js",
          "beforeHooks": [],
          "afterHooks": [],
          "tests": [
            {
              "title": "realizarLogin: deve retornar sucesso para credenciais corretas",
              "fullTitle": "Testando Função de Login realizarLogin: deve retornar sucesso para credenciais corretas",
              "timedOut": false,
              "duration": 1,
              "state": "passed",
              "speed": "fast",
              "pass": true,
              "fail": false,
              "pending": false,
              "context": null,
              "code": "const email = 'joao@example.com';\nconst senha = 'SenhaCorreta123';\nconst resultado = realizarLogin(email, senha);\nassert.strictEqual(resultado.sucesso, true);\nassert.strictEqual(resultado.mensagem, 'Login realizado com sucesso');",
              "err": {},
              "uuid": "2c01f42f-e1da-4a63-ac10-53ac1c32c03f",
              "parentUUID": "2be35fd2-eb6d-4fe9-91e3-910b9aee911b",
              "isHook": false,
              "skipped": false
            },
            {
              "title": "realizarLogin: deve retornar erro para credenciais incorretas",
              "fullTitle": "Testando Função de Login realizarLogin: deve retornar erro para credenciais incorretas",
              "timedOut": false,
              "duration": 0,
              "state": "passed",
              "speed": "fast",
              "pass": true,
              "fail": false,
              "pending": false,
              "context": null,
              "code": "const email = 'joao@example.com';\nconst senha = 'SenhaIncorreta';\nconst resultado = realizarLogin(email, senha);\n\nassert.strictEqual(resultado.sucesso, false);\nassert.strictEqual(resultado.mensagem, 'Email ou senha incorretos');",
              "err": {},
              "uuid": "07d84e5c-b84d-46dc-8673-fecbbc50daa1",
              "parentUUID": "2be35fd2-eb6d-4fe9-91e3-910b9aee911b",
              "isHook": false,
              "skipped": false
            },
            {
              "title": "realizarLogin: deve retornar erro para credenciais expiradas",
              "fullTitle": "Testando Função de Login realizarLogin: deve retornar erro para credenciais expiradas",
              "timedOut": false,
              "duration": 4,
              "state": "passed",
              "speed": "fast",
              "pass": true,
              "fail": false,
              "pending": false,
              "context": null,
              "code": "const email = 'maria@example.com';\nconst senha = 'SenhaExpirada123';\nconst resultado = realizarLogin(email, senha);\nassert.strictEqual(resultado.sucesso, false);\nassert.strictEqual(resultado.mensagem, 'Credenciais expiradas');",
              "err": {},
              "uuid": "0b3fdeb2-5e0f-47da-9fb5-fc3e7d1e714b",
              "parentUUID": "2be35fd2-eb6d-4fe9-91e3-910b9aee911b",
              "isHook": false,
              "skipped": false
            },
            {
              "title": "realizarLogin: deve retornar erro para usuário não encontrado",
              "fullTitle": "Testando Função de Login realizarLogin: deve retornar erro para usuário não encontrado",
              "timedOut": false,
              "duration": 0,
              "state": "passed",
              "speed": "fast",
              "pass": true,
              "fail": false,
              "pending": false,
              "context": null,
              "code": "const email = 'usuarioNaoEncontrado@example.com';\nconst senha = 'SenhaQualquer123';\nconst resultado = realizarLogin(email, senha);\nassert.strictEqual(resultado.sucesso, false);\nassert.strictEqual(resultado.mensagem, 'Usuário não encontrado');",
              "err": {},
              "uuid": "cfc30adf-5ae5-45eb-98c9-72689d0456b9",
              "parentUUID": "2be35fd2-eb6d-4fe9-91e3-910b9aee911b",
              "isHook": false,
              "skipped": false
            }
          ],
          "suites": [],
          "passes": [
            "2c01f42f-e1da-4a63-ac10-53ac1c32c03f",
            "07d84e5c-b84d-46dc-8673-fecbbc50daa1",
            "0b3fdeb2-5e0f-47da-9fb5-fc3e7d1e714b",
            "cfc30adf-5ae5-45eb-98c9-72689d0456b9"
          ],
          "failures": [],
          "pending": [],
          "skipped": [],
          "duration": 5,
          "root": false,
          "rootEmpty": false,
          "_timeout": 2000
        },
        {
          "uuid": "8daa7b38-62e7-4b1e-bc22-7213965e55d9",
          "title": "Testando Função de Cadastro de Usuário",
          "fullFile": "C:\\Users\\fpmo\\OneDrive - GFT Technologies SE\\Documents\\diversos\\bolsa-estudo\\material-estudos\\projetos\\desafio-test-login\\login\\test\\login.test.js",
          "file": "\\test\\login.test.js",
          "beforeHooks": [],
          "afterHooks": [],
          "tests": [
            {
              "title": "cadastrarUsuario: deve cadastrar um novo usuário com sucesso",
              "fullTitle": "Testando Função de Cadastro de Usuário cadastrarUsuario: deve cadastrar um novo usuário com sucesso",
              "timedOut": false,
              "duration": 1,
              "state": "passed",
              "speed": "fast",
              "pass": true,
              "fail": false,
              "pending": false,
              "context": null,
              "code": "const nome = 'Ana';\nconst email = 'ana@example.com';\nconst senha = 'SenhaNova123';\nconst resultado = cadastrarUsuario(nome, email, senha);\nassert.strictEqual(resultado.sucesso, true);\nassert.strictEqual(resultado.mensagem, 'Usuário cadastrado com sucesso');",
              "err": {},
              "uuid": "ec4aee51-fddb-4b84-8a67-eacf093a2986",
              "parentUUID": "8daa7b38-62e7-4b1e-bc22-7213965e55d9",
              "isHook": false,
              "skipped": false
            },
            {
              "title": "cadastrarUsuario: deve lançar erro ao tentar cadastrar com campos vazios",
              "fullTitle": "Testando Função de Cadastro de Usuário cadastrarUsuario: deve lançar erro ao tentar cadastrar com campos vazios",
              "timedOut": false,
              "duration": 2,
              "state": "passed",
              "speed": "fast",
              "pass": true,
              "fail": false,
              "pending": false,
              "context": null,
              "code": "const nome = 'test';\nconst email = '';\nconst senha = '';\nassert.throws(\n    () => cadastrarUsuario(nome, email, senha),\n    { message: 'Todos os campos são obrigatórios' }\n);",
              "err": {},
              "uuid": "ffef9e8b-a4ba-4b48-97a6-f35c346fde41",
              "parentUUID": "8daa7b38-62e7-4b1e-bc22-7213965e55d9",
              "isHook": false,
              "skipped": false
            },
            {
              "title": "cadastrarUsuario: deve lançar erro ao tentar cadastrar com email já existente",
              "fullTitle": "Testando Função de Cadastro de Usuário cadastrarUsuario: deve lançar erro ao tentar cadastrar com email já existente",
              "timedOut": false,
              "duration": 11,
              "state": "passed",
              "speed": "fast",
              "pass": true,
              "fail": false,
              "pending": false,
              "context": null,
              "code": "const nome = 'João';\nconst email = 'joao@example.com';\nconst senha = 'SenhaCorreta123';\nassert.throws(\n    () => cadastrarUsuario(nome, email, senha),\n    { message: 'Email já cadastrado' }\n);",
              "err": {},
              "uuid": "085a5a7f-456e-4c44-8be6-d0b946fbb8a3",
              "parentUUID": "8daa7b38-62e7-4b1e-bc22-7213965e55d9",
              "isHook": false,
              "skipped": false
            },
            {
              "title": "atualizarCredenciais: deve atualizar o status de expiração do usuário",
              "fullTitle": "Testando Função de Cadastro de Usuário atualizarCredenciais: deve atualizar o status de expiração do usuário",
              "timedOut": false,
              "duration": 1,
              "state": "passed",
              "speed": "fast",
              "pass": true,
              "fail": false,
              "pending": false,
              "context": null,
              "code": "const resultado = atualizarCredenciais(1, true);\nassert.strictEqual(resultado.sucesso, true);\nassert.strictEqual(resultado.mensagem, 'Credenciais atualizadas com sucesso');\nconst email = 'joao@example.com';\nconst senha = 'SenhaCorreta123';\nconst loginResultado = realizarLogin(email, senha);\n\nassert.strictEqual(loginResultado.sucesso, false);\nassert.strictEqual(loginResultado.mensagem, 'Credenciais expiradas');",
              "err": {},
              "uuid": "938bdb9a-2d66-4330-918c-af3db5629505",
              "parentUUID": "8daa7b38-62e7-4b1e-bc22-7213965e55d9",
              "isHook": false,
              "skipped": false
            }
          ],
          "suites": [],
          "passes": [
            "ec4aee51-fddb-4b84-8a67-eacf093a2986",
            "ffef9e8b-a4ba-4b48-97a6-f35c346fde41",
            "085a5a7f-456e-4c44-8be6-d0b946fbb8a3",
            "938bdb9a-2d66-4330-918c-af3db5629505"
          ],
          "failures": [],
          "pending": [],
          "skipped": [],
          "duration": 15,
          "root": false,
          "rootEmpty": false,
          "_timeout": 2000
        }
      ],
      "passes": [],
      "failures": [],
      "pending": [],
      "skipped": [],
      "duration": 0,
      "root": true,
      "rootEmpty": true,
      "_timeout": 2000
    }
  ],
  "meta": {
    "mocha": {
      "version": "11.7.5"
    },
    "mochawesome": {
      "options": {
        "quiet": false,
        "reportFilename": "mochawesome",
        "saveHtml": true,
        "saveJson": true,
        "consoleReporter": "spec",
        "useInlineDiffs": false,
        "code": true
      },
      "version": "7.1.4"
    },
    "marge": {
      "options": null,
      "version": "6.3.2"
    }
  }
}